	Structure Weaver & Gere book, Chapter 5, Plane Truss Example, pages 330-331
	echo off

                                                                           Page  1
*************************************************************************
* OpenStruc - Version 1.00                                              *
* A program for the Static Analysis of Structures                       *
* Programer: E.F.B.S.                                                   *
*************************************************************************
Weaver & Gere book Chapter 5 Plane Truss Example pages 330-331       Date: 08-05-2025      Time: 14:49:14
    Number of Nodes:         4
    Number of Elements:      6
    Number of Materials:     1

    Propeties of the meterials types
    Type            E             G             Ct          Weight
       1   1.0000e+04    1.0000e+00     6.5000e-06      2.8360e-01

    Data of the Structure's Nodes
    Joint #         X         Y  Rdx Rdy        Kdx        Kdy
          1     0.000    80.000   F   F  0.0000e+00 0.0000e+00
          2    60.000    80.000   F   F  0.0000e+00 0.0000e+00
          3     0.000     0.000   T   T  0.0000e+00 0.0000e+00
          4    60.000     0.000   T   T  0.0000e+00 0.0000e+00

    Data of the Structure's Elements
    Element #  Joint I Joint J  Length       Area       Ixx        Iyy        Izz   Cixy   Cjxy    Cxy  Cixz   Cjxz    Cxz  Cn=Ct  Mat. Type
        1         1       2      60.00  6.000E+00 0.000E+00  0.000E+00  0.000E+00   0.00   0.00   0.00  0.00   0.00   0.00   1.00      1
        2         3       4      60.00  6.000E+00 0.000E+00  0.000E+00  0.000E+00   0.00   0.00   0.00  0.00   0.00   0.00   1.00      1
        3         3       1      80.00  8.000E+00 0.000E+00  0.000E+00  0.000E+00   0.00   0.00   0.00  0.00   0.00   0.00   1.00      1
        4         4       2      80.00  8.000E+00 0.000E+00  0.000E+00  0.000E+00   0.00   0.00   0.00  0.00   0.00   0.00   1.00      1
        5         1       4     100.00  1.000E+01 0.000E+00  0.000E+00  0.000E+00   0.00   0.00   0.00  0.00   0.00   0.00   1.00      1
        6         3       2     100.00  1.000E+01 0.000E+00  0.000E+00  0.000E+00   0.00   0.00   0.00  0.00   0.00   0.00   1.00      1

    Volumen: 4000.000                 Structure Total Weight:  1134.400                        Mean BandWidth: 1.750


                                                                           Page  2
*************************************************************************
* OpenStruc - Version 1.00                                              *
* A program for the Static Analysis of Structures                       *
* Programer: E.F.B.S.                                                   *
*************************************************************************
Weaver & Gere book Chapter 5 Plane Truss Example pages 330-331       Date: 08-05-2025      Time: 14:49:14
    First Load Case

    LOADS APPLIED TO THE NODES
    Node         Fx         Fy
       2     20.000     10.000

    LOADS AND TEMPERATURE VARIATIONS IN MEMBERS (local oXYZ system of reference).

    Element     1         DTX =    0.000 DTY =   0.000 DTZ =   0.000
    Npar= 1 Mx =    0.000 My =    0.000 Mz =-1200.000 La  =   30.000


    Element     2         DTX =    0.000 DTY =   0.000 DTZ =   0.000
    Npc = 1 Px =    0.000 Py =  -20.000 Pz =    0.000 La  =   30.000


    Element     3         DTX =    0.000 DTY =   0.000 DTZ =   0.000
    Npu = 1 Wx =    0.000 Wy =   -0.250 Wz =    0.000 La  =    0.000 Lb  =   80.000


    Element     4         DTX =    0.000 DTY =   0.000 DTZ =   0.000
    Npc = 1 Px =  -10.000 Py =  -10.000 Pz =    0.000 La  =   40.000

    PRIMARY FORCES AT ELEMENTS ENDS
    Element # Node             N           Vy
          1      1        -0.000      -20.000
                 2         0.000      -20.000
          2      3        -0.000       10.000
                 4         0.000      -10.000
          3      3        -0.000       10.000
                 1         0.000      -10.000
          4      4        -5.000        5.000
                 2         5.000       -5.000

    NODES DISPLACEMENTS
    Node              Dx              Dy
       1    1.000061E-01    4.146520E-02
       2    1.061050E-01   -4.020147E-02
       3    0.000000E+00    0.000000E+00
       4    0.000000E+00    0.000000E+00

    FORCES AT ELEMENTS SECTIONS
    Element  Node       x          N         Vy
          1     1   0.000      6.099    -20.000
                2  60.000      6.099    -20.000
          2     3   0.000     -0.000     10.000
                4  60.000      0.000    -10.000

                                                                           Page  3
*************************************************************************
* OpenStruc - Version 1.00                                              *
* A program for the Static Analysis of Structures                       *
* Programer: E.F.B.S.                                                   *
*************************************************************************
Weaver & Gere book Chapter 5 Plane Truss Example pages 330-331       Date: 08-05-2025      Time: 14:49:14
First Load Case

    FORCES AT ELEMENTS SECTIONS
    Element  Node       x          N         Vy
          3     3   0.000     41.465     10.000
                1  80.000     41.465    -10.000
          4     4   0.000    -45.201      5.000
                2  80.000    -35.201     -5.000
          5     1   0.000    -26.832      0.000
                4 100.000    -26.832     -0.000
          6     3   0.000     31.502      0.000
                2 100.000     31.502     -0.000

    LOADS AND/OR REACTIONS AT NODES
    Node          FX          FY
       1      0.0000      0.0000
       2     20.0000     10.0000
       3    -28.9011    -56.6667
       4    -21.0989     76.6667
Running Time: 0.00  sec. 
