	Structure Weaver & Gere book, Chapter 5, Space Truss Example 1, pages 345-347
	echo off

                                                                           Page  1
*************************************************************************
* OpenStruc - Version 1.00                                              *
* A program for the Static Analysis of Structures                       *
* Programer: E.F.B.S.                                                   *
*************************************************************************
Weaver & Gere book Chapter 5 Space Truss Example 1 pages 345-347       Date: 08-05-2025      Time: 14:49:42
    Number of Nodes:         5
    Number of Elements:      7
    Number of Materials:     1

    Propeties of the meterials types
    Type            E             G             Ct          Weight
       1   3.0000e+04    1.1538e+04     6.5000e-06      2.8356e-04

    Data of the Structure's Nodes
    Joint #         X         Y         Z  Rdx Rdy Rdz        Kdx        Kdy        Kdz
          1   120.000     0.000     0.000   T   T   T  0.0000e+00 0.0000e+00 0.0000e+00
          2     0.000   240.000   240.000   F   F   F  0.0000e+00 0.0000e+00 0.0000e+00
          3   240.000   240.000   240.000   F   F   F  0.0000e+00 0.0000e+00 0.0000e+00
          4   240.000   240.000     0.000   T   T   T  0.0000e+00 0.0000e+00 0.0000e+00
          5     0.000   240.000     0.000   T   T   T  0.0000e+00 0.0000e+00 0.0000e+00

    Data of the Structure's Elements
    Element #  Joint I Joint J  Length       Area       Ixx        Iyy        Izz   Cixy   Cjxy    Cxy  Cixz   Cjxz    Cxz  Cn=Ct  Mat. Type
        1         1       2     360.00  1.000E+01 0.000E+00  0.000E+00  0.000E+00   0.00   0.00   0.00  0.00   0.00   0.00   1.00      1
        2         1       3     360.00  1.000E+01 0.000E+00  0.000E+00  0.000E+00   0.00   0.00   0.00  0.00   0.00   0.00   1.00      1
        3         2       3     240.00  1.000E+01 0.000E+00  0.000E+00  0.000E+00   0.00   0.00   0.00  0.00   0.00   0.00   1.00      1
        4         2       5     240.00  1.000E+01 0.000E+00  0.000E+00  0.000E+00   0.00   0.00   0.00  0.00   0.00   0.00   1.00      1
        5         3       4     240.00  1.000E+01 0.000E+00  0.000E+00  0.000E+00   0.00   0.00   0.00  0.00   0.00   0.00   1.00      1
        6         2       4     339.41  1.000E+01 0.000E+00  0.000E+00  0.000E+00   0.00   0.00   0.00  0.00   0.00   0.00   1.00      1
        7         3       5     339.41  1.000E+01 0.000E+00  0.000E+00  0.000E+00   0.00   0.00   0.00  0.00   0.00   0.00   1.00      1

    Volumen: 21188.225                 Structure Total Weight:     6.008                        Mean BandWidth: 2.000


                                                                           Page  2
*************************************************************************
* OpenStruc - Version 1.00                                              *
* A program for the Static Analysis of Structures                       *
* Programer: E.F.B.S.                                                   *
*************************************************************************
Weaver & Gere book Chapter 5 Space Truss Example 1 pages 345-347       Date: 08-05-2025      Time: 14:49:42
    First Load Case

    LOADS APPLIED TO THE NODES
    Node         Fx         Fy         Fz
       2      0.000    -20.000      0.000
       3      0.000      0.000    -20.000

    LOADS AND TEMPERATURE VARIATIONS IN MEMBERS (local oXYZ system of reference).

    Element     4         DTX =    0.000 DTY =   0.000 DTZ =   0.000
    Npc = 1 Px =   20.000 Py =    0.000 Pz =   20.000 La  =  120.000


    Element     5         DTX =    0.000 DTY =   0.000 DTZ =   0.000
    Npu = 1 Wx =    0.000 Wy =   -0.083 Wz =    0.000 La  =    0.000 Lb  =  240.000

    PRIMARY FORCES AT ELEMENTS ENDS
    Element # Node             N           Vy           Vz
          4      2        10.000        0.000      -10.000
                 5       -10.000       -0.000       10.000
          5      3        -0.000       10.000        0.000
                 4         0.000      -10.000       -0.000

    NODES DISPLACEMENTS
    Node              Dx              Dy              Dz
       1    0.000000E+00    0.000000E+00    0.000000E+00
       2    1.477237E-02   -5.638278E-02    9.768969E-03
       3    1.654134E-02   -2.503964E-02   -1.023103E-02
       4    0.000000E+00    0.000000E+00    0.000000E+00
       5    0.000000E+00    0.000000E+00    0.000000E+00

    FORCES AT ELEMENTS SECTIONS
    Element  Node       x          N         Vy         Vz
          1     1   0.000    -30.000      0.000      0.000
                2 360.000    -30.000     -0.000     -0.000
          2     1   0.000    -15.000      0.000      0.000
                3 360.000    -15.000     -0.000     -0.000
          3     2   0.000      2.211      0.000      0.000
                3 240.000      2.211     -0.000     -0.000
          4     2   0.000     22.211      0.000    -10.000
                5 240.000      2.211     -0.000     10.000
          5     3   0.000    -12.789     10.000      0.000
                4 240.000    -12.789    -10.000     -0.000
          6     2   0.000     -3.127      0.000      0.000
                4 339.411     -3.127     -0.000     -0.000
          7     3   0.000      3.944      0.000      0.000
                5 339.411      3.944     -0.000     -0.000


                                                                           Page  3
*************************************************************************
* OpenStruc - Version 1.00                                              *
* A program for the Static Analysis of Structures                       *
* Programer: E.F.B.S.                                                   *
*************************************************************************
Weaver & Gere book Chapter 5 Space Truss Example 1 pages 345-347       Date: 08-05-2025      Time: 14:49:42
First Load Case

    LOADS AND/OR REACTIONS AT NODES
    Node          FX          FY          FZ
       1     -5.0000     30.0000     30.0000
       2     -0.0000    -20.0000      0.0000
       3      0.0000      0.0000    -20.0000
       4     -2.2112     10.0000     15.0000
       5    -12.7888      0.0000     -5.0000
Running Time: 0.00  sec. 
